/bin/sh /root/codeDir/cppCode/study/libtool --mode=compile g++  -I. -I/root/codeDir/cppCode/study -DPHP_ATOM_INC -I/root/codeDir/cppCode/study/include -I/root/codeDir/cppCode/study/main -I/root/codeDir/cppCode/study -I/usr/local/include/php -I/usr/local/include/php/main -I/usr/local/include/php/TSRM -I/usr/local/include/php/Zend -I/usr/local/include/php/ext -I/usr/local/include/php/ext/date/lib -I/root/codeDir/cppCode/study -I/root/codeDir/cppCode/study/include  -DHAVE_CONFIG_H  -g -O2 -Wall -Wno-unused-function -Wno-deprecated -Wno-deprecated-declarations -std=c++11   -c /root/codeDir/cppCode/study/study.cc -o study.lo 
mkdir .libs
 g++ -I. -I/root/codeDir/cppCode/study -DPHP_ATOM_INC -I/root/codeDir/cppCode/study/include -I/root/codeDir/cppCode/study/main -I/root/codeDir/cppCode/study -I/usr/local/include/php -I/usr/local/include/php/main -I/usr/local/include/php/TSRM -I/usr/local/include/php/Zend -I/usr/local/include/php/ext -I/usr/local/include/php/ext/date/lib -I/root/codeDir/cppCode/study -I/root/codeDir/cppCode/study/include -DHAVE_CONFIG_H -g -O2 -Wall -Wno-unused-function -Wno-deprecated -Wno-deprecated-declarations -std=c++11 -c /root/codeDir/cppCode/study/study.cc  -fPIC -DPIC -o .libs/study.o
/bin/sh /root/codeDir/cppCode/study/libtool --mode=compile g++  -I. -I/root/codeDir/cppCode/study -DPHP_ATOM_INC -I/root/codeDir/cppCode/study/include -I/root/codeDir/cppCode/study/main -I/root/codeDir/cppCode/study -I/usr/local/include/php -I/usr/local/include/php/main -I/usr/local/include/php/TSRM -I/usr/local/include/php/Zend -I/usr/local/include/php/ext -I/usr/local/include/php/ext/date/lib -I/root/codeDir/cppCode/study -I/root/codeDir/cppCode/study/include  -DHAVE_CONFIG_H  -g -O2 -Wall -Wno-unused-function -Wno-deprecated -Wno-deprecated-declarations -std=c++11   -c /root/codeDir/cppCode/study/study_coroutine.cc -o study_coroutine.lo 
 g++ -I. -I/root/codeDir/cppCode/study -DPHP_ATOM_INC -I/root/codeDir/cppCode/study/include -I/root/codeDir/cppCode/study/main -I/root/codeDir/cppCode/study -I/usr/local/include/php -I/usr/local/include/php/main -I/usr/local/include/php/TSRM -I/usr/local/include/php/Zend -I/usr/local/include/php/ext -I/usr/local/include/php/ext/date/lib -I/root/codeDir/cppCode/study -I/root/codeDir/cppCode/study/include -DHAVE_CONFIG_H -g -O2 -Wall -Wno-unused-function -Wno-deprecated -Wno-deprecated-declarations -std=c++11 -c /root/codeDir/cppCode/study/study_coroutine.cc  -fPIC -DPIC -o .libs/study_coroutine.o
/bin/sh /root/codeDir/cppCode/study/libtool --mode=compile g++  -I. -I/root/codeDir/cppCode/study -DPHP_ATOM_INC -I/root/codeDir/cppCode/study/include -I/root/codeDir/cppCode/study/main -I/root/codeDir/cppCode/study -I/usr/local/include/php -I/usr/local/include/php/main -I/usr/local/include/php/TSRM -I/usr/local/include/php/Zend -I/usr/local/include/php/ext -I/usr/local/include/php/ext/date/lib -I/root/codeDir/cppCode/study -I/root/codeDir/cppCode/study/include  -DHAVE_CONFIG_H  -g -O2 -Wall -Wno-unused-function -Wno-deprecated -Wno-deprecated-declarations -std=c++11   -c /root/codeDir/cppCode/study/study_coroutine_util.cc -o study_coroutine_util.lo 
 g++ -I. -I/root/codeDir/cppCode/study -DPHP_ATOM_INC -I/root/codeDir/cppCode/study/include -I/root/codeDir/cppCode/study/main -I/root/codeDir/cppCode/study -I/usr/local/include/php -I/usr/local/include/php/main -I/usr/local/include/php/TSRM -I/usr/local/include/php/Zend -I/usr/local/include/php/ext -I/usr/local/include/php/ext/date/lib -I/root/codeDir/cppCode/study -I/root/codeDir/cppCode/study/include -DHAVE_CONFIG_H -g -O2 -Wall -Wno-unused-function -Wno-deprecated -Wno-deprecated-declarations -std=c++11 -c /root/codeDir/cppCode/study/study_coroutine_util.cc  -fPIC -DPIC -o .libs/study_coroutine_util.o
/bin/sh /root/codeDir/cppCode/study/libtool --mode=compile cc  -I. -I/root/codeDir/cppCode/study -DPHP_ATOM_INC -I/root/codeDir/cppCode/study/include -I/root/codeDir/cppCode/study/main -I/root/codeDir/cppCode/study -I/usr/local/include/php -I/usr/local/include/php/main -I/usr/local/include/php/TSRM -I/usr/local/include/php/Zend -I/usr/local/include/php/ext -I/usr/local/include/php/ext/date/lib -I/root/codeDir/cppCode/study -I/root/codeDir/cppCode/study/include  -DHAVE_CONFIG_H  -Wall -pthread -g -O2   -c /root/codeDir/cppCode/study/thirdparty/boost/asm/make_x86_64_sysv_elf_gas.S -o thirdparty/boost/asm/make_x86_64_sysv_elf_gas.lo 
mkdir thirdparty/boost/asm/.libs
 cc -I. -I/root/codeDir/cppCode/study -DPHP_ATOM_INC -I/root/codeDir/cppCode/study/include -I/root/codeDir/cppCode/study/main -I/root/codeDir/cppCode/study -I/usr/local/include/php -I/usr/local/include/php/main -I/usr/local/include/php/TSRM -I/usr/local/include/php/Zend -I/usr/local/include/php/ext -I/usr/local/include/php/ext/date/lib -I/root/codeDir/cppCode/study -I/root/codeDir/cppCode/study/include -DHAVE_CONFIG_H -Wall -pthread -g -O2 -c /root/codeDir/cppCode/study/thirdparty/boost/asm/make_x86_64_sysv_elf_gas.S  -fPIC -DPIC -o thirdparty/boost/asm/.libs/make_x86_64_sysv_elf_gas.o
/bin/sh /root/codeDir/cppCode/study/libtool --mode=compile cc  -I. -I/root/codeDir/cppCode/study -DPHP_ATOM_INC -I/root/codeDir/cppCode/study/include -I/root/codeDir/cppCode/study/main -I/root/codeDir/cppCode/study -I/usr/local/include/php -I/usr/local/include/php/main -I/usr/local/include/php/TSRM -I/usr/local/include/php/Zend -I/usr/local/include/php/ext -I/usr/local/include/php/ext/date/lib -I/root/codeDir/cppCode/study -I/root/codeDir/cppCode/study/include  -DHAVE_CONFIG_H  -Wall -pthread -g -O2   -c /root/codeDir/cppCode/study/thirdparty/boost/asm/jump_x86_64_sysv_elf_gas.S -o thirdparty/boost/asm/jump_x86_64_sysv_elf_gas.lo 
 cc -I. -I/root/codeDir/cppCode/study -DPHP_ATOM_INC -I/root/codeDir/cppCode/study/include -I/root/codeDir/cppCode/study/main -I/root/codeDir/cppCode/study -I/usr/local/include/php -I/usr/local/include/php/main -I/usr/local/include/php/TSRM -I/usr/local/include/php/Zend -I/usr/local/include/php/ext -I/usr/local/include/php/ext/date/lib -I/root/codeDir/cppCode/study -I/root/codeDir/cppCode/study/include -DHAVE_CONFIG_H -Wall -pthread -g -O2 -c /root/codeDir/cppCode/study/thirdparty/boost/asm/jump_x86_64_sysv_elf_gas.S  -fPIC -DPIC -o thirdparty/boost/asm/.libs/jump_x86_64_sysv_elf_gas.o
/bin/sh /root/codeDir/cppCode/study/libtool --mode=link g++ -DPHP_ATOM_INC -I/root/codeDir/cppCode/study/include -I/root/codeDir/cppCode/study/main -I/root/codeDir/cppCode/study -I/usr/local/include/php -I/usr/local/include/php/main -I/usr/local/include/php/TSRM -I/usr/local/include/php/Zend -I/usr/local/include/php/ext -I/usr/local/include/php/ext/date/lib -I/root/codeDir/cppCode/study -I/root/codeDir/cppCode/study/include  -DHAVE_CONFIG_H  -Wall -pthread -g -O2    -o study.la -export-dynamic -avoid-version -prefer-pic -module -rpath /root/codeDir/cppCode/study/modules  study.lo study_coroutine.lo study_coroutine_util.lo thirdparty/boost/asm/make_x86_64_sysv_elf_gas.lo thirdparty/boost/asm/jump_x86_64_sysv_elf_gas.lo 
g++ -shared -nostdlib /usr/lib/gcc/x86_64-alpine-linux-musl/8.3.0/../../../../lib/crti.o /usr/lib/gcc/x86_64-alpine-linux-musl/8.3.0/crtbeginS.o  .libs/study.o .libs/study_coroutine.o .libs/study_coroutine_util.o thirdparty/boost/asm/.libs/make_x86_64_sysv_elf_gas.o thirdparty/boost/asm/.libs/jump_x86_64_sysv_elf_gas.o  -L/usr/lib/gcc/x86_64-alpine-linux-musl/8.3.0 -L/usr/lib/gcc/x86_64-alpine-linux-musl/8.3.0/../../../../x86_64-alpine-linux-musl/lib/../lib -L/usr/lib/gcc/x86_64-alpine-linux-musl/8.3.0/../../../../lib -L/lib/../lib -L/usr/lib/../lib -L/usr/lib/gcc/x86_64-alpine-linux-musl/8.3.0/../../../../x86_64-alpine-linux-musl/lib -L/usr/lib/gcc/x86_64-alpine-linux-musl/8.3.0/../../.. -lstdc++ -lm -lssp_nonshared -lpthread -lc -lgcc_s /usr/lib/gcc/x86_64-alpine-linux-musl/8.3.0/crtendS.o /usr/lib/gcc/x86_64-alpine-linux-musl/8.3.0/../../../../lib/crtn.o  -pthread -Wl,-soname -Wl,study.so -o .libs/study.so
creating study.la
(cd .libs && rm -f study.la && ln -s ../study.la study.la)
/bin/sh /root/codeDir/cppCode/study/libtool --mode=install cp ./study.la /root/codeDir/cppCode/study/modules
cp ./.libs/study.so /root/codeDir/cppCode/study/modules/study.so
cp ./.libs/study.lai /root/codeDir/cppCode/study/modules/study.la
PATH="$PATH:/sbin" ldconfig -n /root/codeDir/cppCode/study/modules
----------------------------------------------------------------------
Libraries have been installed in:
   /root/codeDir/cppCode/study/modules

If you ever happen to want to link against installed libraries
in a given directory, LIBDIR, you must either use libtool, and
specify the full pathname of the library, or use the `-LLIBDIR'
flag during linking and do at least one of the following:
   - add LIBDIR to the `LD_LIBRARY_PATH' environment variable
     during execution
   - add LIBDIR to the `LD_RUN_PATH' environment variable
     during linking
   - use the `-Wl,--rpath -Wl,LIBDIR' linker flag

See any operating system documentation about shared libraries for
more information, such as the ld(1) and ld.so(8) manual pages.
----------------------------------------------------------------------

Build complete.
Don't forget to run 'make test'.

